Running: C:\Xilinx\14.7\ISE_DS\ISE\bin\nt\unwrapped\fuse.exe -intstyle ise -incremental -o C:/Users/aula2/Desktop/Nova pasta/Comparador2_vivi_vini/comparador2_teste_isim_beh.exe -prj C:/Users/aula2/Desktop/Nova pasta/Comparador2_vivi_vini/comparador2_teste_beh.prj work.comparador2_teste 
ISim P.20131013 (signature 0x8ef4fb42)
Number of CPUs detected in this system: 6
Turning on mult-threading, number of parallel sub-compilation jobs: 12 
Determining compilation order of HDL files
Parsing VHDL file "C:/Users/aula2/Desktop/Nova pasta/Comparador2_vivi_vini/comparador2.vhd" into library work
Parsing VHDL file "C:/Users/aula2/Desktop/Nova pasta/Comparador2_vivi_vini/comparador2_teste.vhd" into library work
Starting static elaboration
Completed static elaboration
Fuse Memory Usage: 161400 KB
Fuse CPU Usage: 155 ms
Compiling package standard
Compiling package std_logic_1164
Compiling package numeric_std
Compiling architecture behavioral of entity comparador [comparador_default]
Compiling architecture behavioral of entity comparador2 [comparador2_default]
Compiling architecture behavior of entity comparador2_teste
Time Resolution for simulation is 1ps.
Waiting for 1 sub-compilation(s) to finish...
Compiled 8 VHDL Units
Built simulation executable C:/Users/aula2/Desktop/Nova pasta/Comparador2_vivi_vini/comparador2_teste_isim_beh.exe
Fuse Memory Usage: 175560 KB
Fuse CPU Usage: 217 ms
