Running: fuse.exe -relaunch -intstyle "ise" -incremental -o "C:/Users/aula2.ELE/Desktop/Lab6_Vivi_Vini/Lab6_Vivi_Vini/uart_test_isim_beh.exe" -prj "C:/Users/aula2.ELE/Desktop/Lab6_Vivi_Vini/Lab6_Vivi_Vini/uart_test_beh.prj" "work.uart_test" 
ISim P.20131013 (signature 0x7708f090)
Number of CPUs detected in this system: 6
Turning on mult-threading, number of parallel sub-compilation jobs: 12 
Determining compilation order of HDL files
Parsing VHDL file "C:/Users/aula2.ELE/Desktop/Lab6_Vivi_Vini/Lab6_Vivi_Vini/uart.vhd" into library work
Parsing VHDL file "C:/Users/aula2.ELE/Desktop/Lab6_Vivi_Vini/Lab6_Vivi_Vini/uart_test.vhd" into library work
Starting static elaboration
Completed static elaboration
Compiling package standard
Compiling package std_logic_1164
Compiling package numeric_std
Compiling architecture behavioral of entity uart [uart_default]
Compiling architecture behavior of entity uart_test
Time Resolution for simulation is 1ps.
Waiting for 1 sub-compilation(s) to finish...
Compiled 6 VHDL Units
Built simulation executable C:/Users/aula2.ELE/Desktop/Lab6_Vivi_Vini/Lab6_Vivi_Vini/uart_test_isim_beh.exe
Fuse Memory Usage: 35884 KB
Fuse CPU Usage: 327 ms
