Running: C:\Xilinx\14.7\ISE_DS\ISE\bin\nt64\unwrapped\fuse.exe -intstyle ise -incremental -o C:/TEMP/novo_teste/DataPath_tb_isim_beh.exe -prj C:/TEMP/novo_teste/DataPath_tb_beh.prj work.DataPath_tb 
ISim P.20131013 (signature 0x7708f090)
Number of CPUs detected in this system: 6
Turning on mult-threading, number of parallel sub-compilation jobs: 12 
Determining compilation order of HDL files
Parsing VHDL file "C:/TEMP/novo_teste/unittest.vhd" into library work
Parsing VHDL file "C:/TEMP/novo_teste/libcpu.vhd" into library work
Parsing VHDL file "C:/TEMP/novo_teste/RU.vhd" into library work
Parsing VHDL file "C:/TEMP/novo_teste/IMEM.vhd" into library work
Parsing VHDL file "C:/TEMP/novo_teste/FLAGS.vhd" into library work
Parsing VHDL file "C:/TEMP/novo_teste/DMEM.vhd" into library work
Parsing VHDL file "C:/TEMP/novo_teste/CU.vhd" into library work
Parsing VHDL file "C:/TEMP/novo_teste/ALU.vhd" into library work
Parsing VHDL file "C:/TEMP/novo_teste/ACCUM.vhd" into library work
Parsing VHDL file "C:/TEMP/novo_teste/DataPath.vhd" into library work
Parsing VHDL file "C:/TEMP/novo_teste/DataPath_tb.vhd" into library work
Starting static elaboration
Completed static elaboration
Compiling package standard
Compiling package std_logic_1164
Compiling package numeric_std
Compiling package libcpu
Compiling package unittest
Compiling architecture behavioral of entity ControlUnit [controlunit_default]
Compiling architecture behavioral of entity IMEM [imem_default]
Compiling architecture behavioral of entity RU [ru_default]
Compiling architecture behavioral of entity ACCUM [accum_default]
Compiling architecture behavioral of entity ALU [alu_default]
Compiling architecture behavioral of entity FLAGS [flags_default]
Compiling architecture behavioral of entity DMEM [dmem_default]
Compiling architecture structural of entity DataPath [datapath_default]
Compiling architecture behavior of entity datapath_tb
Time Resolution for simulation is 1ps.
Waiting for 2 sub-compilation(s) to finish...
Compiled 22 VHDL Units
Built simulation executable C:/TEMP/novo_teste/DataPath_tb_isim_beh.exe
Fuse Memory Usage: 36476 KB
Fuse CPU Usage: 437 ms
