Command line:
   top_level_tb_isim_beh.exe
     -simmode  gui
     -simrunnum  0
     -socket  62268

Mon May 18 09:17:27 2026


 Elaboration Time: 0.21875 sec

 Current Memory Usage: 5652.33 Meg

 Total Signals          : 46
 Total Nets             : 112
 Total Signal Drivers   : 27
 Total Blocks           : 6
 Total Primitive Blocks : 4
 Total Processes        : 13
 Total Traceable Variables  : 14
 Total Scalar Nets and Variables : 596
Total Line Count : 120
Total Line Count : 120
Total Line Count : 120

 Total Simulation Time: 23.3281 sec

 Current Memory Usage: 4708.61 Meg

Mon May 18 10:13:13 2026

