Running: C:\Xilinx\14.7\ISE_DS\ISE\bin\nt\unwrapped\fuse.exe -intstyle ise -incremental -o C:/Users/aula2/Desktop/Nova pasta/comparador_vivi_vini/comparador_isim_beh.exe -prj C:/Users/aula2/Desktop/Nova pasta/comparador_vivi_vini/comparador_beh.prj work.comparador 
ISim P.20131013 (signature 0x8ef4fb42)
Number of CPUs detected in this system: 6
Turning on mult-threading, number of parallel sub-compilation jobs: 12 
Determining compilation order of HDL files
Parsing VHDL file "C:/Users/aula2/Desktop/Nova pasta/comparador_vivi_vini/comparador.vhd" into library work
Starting static elaboration
Completed static elaboration
Fuse Memory Usage: 161400 KB
Fuse CPU Usage: 155 ms
Compiling package standard
Compiling package std_logic_1164
Compiling package numeric_std
Compiling architecture behavioral of entity comparador
Time Resolution for simulation is 1ps.
Waiting for 1 sub-compilation(s) to finish...
Compiled 4 VHDL Units
Built simulation executable C:/Users/aula2/Desktop/Nova pasta/comparador_vivi_vini/comparador_isim_beh.exe
Fuse Memory Usage: 175540 KB
Fuse CPU Usage: 217 ms
