Release 14.7 - xst P.20131013 (nt64)
Copyright (c) 1995-2013 Xilinx, Inc.  All rights reserved.
--> Parameter TMPDIR set to xst/projnav.tmp


Total REAL time to Xst completion: 0.00 secs
Total CPU time to Xst completion: 0.11 secs
 
--> Parameter xsthdpdir set to xst


Total REAL time to Xst completion: 0.00 secs
Total CPU time to Xst completion: 0.11 secs
 
--> Reading design: sevenSeg_hex_mux.prj

TABLE OF CONTENTS
  1) Synthesis Options Summary
  2) HDL Compilation
  3) Design Hierarchy Analysis
  4) HDL Analysis
  5) HDL Synthesis
     5.1) HDL Synthesis Report
  6) Advanced HDL Synthesis
     6.1) Advanced HDL Synthesis Report
  7) Low Level Synthesis
  8) Partition Report
  9) Final Report
	9.1) Device utilization summary
	9.2) Partition Resource Summary
	9.3) TIMING REPORT


=========================================================================
*                      Synthesis Options Summary                        *
=========================================================================
---- Source Parameters
Input File Name                    : "sevenSeg_hex_mux.prj"
Input Format                       : mixed
Ignore Synthesis Constraint File   : NO

---- Target Parameters
Output File Name                   : "sevenSeg_hex_mux"
Output Format                      : NGC
Target Device                      : xc3s500e-4-fg320

---- Source Options
Top Module Name                    : sevenSeg_hex_mux
Automatic FSM Extraction           : YES
FSM Encoding Algorithm             : Auto
Safe Implementation                : No
FSM Style                          : LUT
RAM Extraction                     : Yes
RAM Style                          : Auto
ROM Extraction                     : Yes
Mux Style                          : Auto
Decoder Extraction                 : YES
Priority Encoder Extraction        : Yes
Shift Register Extraction          : YES
Logical Shifter Extraction         : YES
XOR Collapsing                     : YES
ROM Style                          : Auto
Mux Extraction                     : Yes
Resource Sharing                   : YES
Asynchronous To Synchronous        : NO
Multiplier Style                   : Auto
Automatic Register Balancing       : No

---- Target Options
Add IO Buffers                     : YES
Global Maximum Fanout              : 100000
Add Generic Clock Buffer(BUFG)     : 24
Register Duplication               : YES
Slice Packing                      : YES
Optimize Instantiated Primitives   : NO
Use Clock Enable                   : Yes
Use Synchronous Set                : Yes
Use Synchronous Reset              : Yes
Pack IO Registers into IOBs        : Auto
Equivalent register Removal        : YES

---- General Options
Optimization Goal                  : Speed
Optimization Effort                : 1
Keep Hierarchy                     : No
Netlist Hierarchy                  : As_Optimized
RTL Output                         : Yes
Global Optimization                : AllClockNets
Read Cores                         : YES
Write Timing Constraints           : NO
Cross Clock Analysis               : NO
Hierarchy Separator                : /
Bus Delimiter                      : <>
Case Specifier                     : Maintain
Slice Utilization Ratio            : 100
BRAM Utilization Ratio             : 100
Verilog 2001                       : YES
Auto BRAM Packing                  : NO
Slice Utilization Ratio Delta      : 5

=========================================================================


=========================================================================
*                          HDL Compilation                              *
=========================================================================
Compiling vhdl file "C:/Users/aula2.ELE/Desktop/Lab04_Vivi_Vini/display7_converter.vhd" in Library work.
Architecture display7_converter of Entity display7_converter is up to date.
Compiling vhdl file "C:/Users/aula2.ELE/Desktop/Lab04_Vivi_Vini/display7.vhd" in Library work.
Architecture behavioral of Entity sevenseg_hex_mux is up to date.

=========================================================================
*                     Design Hierarchy Analysis                         *
=========================================================================
Analyzing hierarchy for entity <sevenSeg_hex_mux> in library <work> (architecture <behavioral>).


=========================================================================
*                            HDL Analysis                               *
=========================================================================
Analyzing Entity <sevenSeg_hex_mux> in library <work> (Architecture <behavioral>).
INFO:Xst:1561 - "C:/Users/aula2.ELE/Desktop/Lab04_Vivi_Vini/display7.vhd" line 57: Mux is complete : default of case is discarded
INFO:Xst:1561 - "C:/Users/aula2.ELE/Desktop/Lab04_Vivi_Vini/display7_converter.vhd" line 33: Mux is complete : default of case is discarded
Entity <sevenSeg_hex_mux> analyzed. Unit <sevenSeg_hex_mux> generated.


=========================================================================
*                           HDL Synthesis                               *
=========================================================================

Performing bidirectional port resolution...

Synthesizing Unit <sevenSeg_hex_mux>.
    Related source file is "C:/Users/aula2.ELE/Desktop/Lab04_Vivi_Vini/display7.vhd".
WARNING:Xst:646 - Signal <dp> is assigned but never used. This unconnected signal will be trimmed during the optimization process.
    Found 16x7-bit ROM for signal <sseg>.
    Found 18-bit up counter for signal <counter>.
    Summary:
	inferred   1 ROM(s).
	inferred   1 Counter(s).
Unit <sevenSeg_hex_mux> synthesized.


=========================================================================
HDL Synthesis Report

Macro Statistics
# ROMs                                                 : 1
 16x7-bit ROM                                          : 1
# Counters                                             : 1
 18-bit up counter                                     : 1

=========================================================================

=========================================================================
*                       Advanced HDL Synthesis                          *
=========================================================================


=========================================================================
Advanced HDL Synthesis Report

Macro Statistics
# ROMs                                                 : 1
 16x7-bit ROM                                          : 1
# Counters                                             : 1
 18-bit up counter                                     : 1

=========================================================================

=========================================================================
*                         Low Level Synthesis                           *
=========================================================================

Optimizing unit <sevenSeg_hex_mux> ...

Mapping all equations...
Building and optimizing final netlist ...
Found area constraint ratio of 100 (+ 5) on block sevenSeg_hex_mux, actual ratio is 0.

Final Macro Processing ...

=========================================================================
Final Register Report

Macro Statistics
# Registers                                            : 18
 Flip-Flops                                            : 18

=========================================================================

=========================================================================
*                           Partition Report                            *
=========================================================================

Partition Implementation Status
-------------------------------

  No Partitions were found in this design.

-------------------------------

=========================================================================
*                            Final Report                               *
=========================================================================
Final Results
RTL Top Level Output File Name     : sevenSeg_hex_mux.ngr
Top Level Output File Name         : sevenSeg_hex_mux
Output Format                      : NGC
Optimization Goal                  : Speed
Keep Hierarchy                     : No

Design Statistics
# IOs                              : 20

Cell Usage :
# BELS                             : 66
#      GND                         : 1
#      INV                         : 1
#      LUT1                        : 17
#      LUT3                        : 4
#      LUT4                        : 7
#      MUXCY                       : 17
#      VCC                         : 1
#      XORCY                       : 18
# FlipFlops/Latches                : 18
#      FDR                         : 18
# Clock Buffers                    : 1
#      BUFGP                       : 1
# IO Buffers                       : 17
#      IBUF                        : 9
#      OBUF                        : 8
=========================================================================

Device utilization summary:
---------------------------

Selected Device : 3s500efg320-4 

 Number of Slices:                       15  out of   4656     0%  
 Number of Slice Flip Flops:             18  out of   9312     0%  
 Number of 4 input LUTs:                 29  out of   9312     0%  
 Number of IOs:                          20
 Number of bonded IOBs:                  18  out of    232     7%  
 Number of GCLKs:                         1  out of     24     4%  

---------------------------
Partition Resource Summary:
---------------------------

  No Partitions were found in this design.

---------------------------


=========================================================================
TIMING REPORT

NOTE: THESE TIMING NUMBERS ARE ONLY A SYNTHESIS ESTIMATE.
      FOR ACCURATE TIMING INFORMATION PLEASE REFER TO THE TRACE REPORT
      GENERATED AFTER PLACE-and-ROUTE.

Clock Information:
------------------
-----------------------------------+------------------------+-------+
Clock Signal                       | Clock buffer(FF name)  | Load  |
-----------------------------------+------------------------+-------+
clk                                | BUFGP                  | 18    |
-----------------------------------+------------------------+-------+

Asynchronous Control Signals Information:
----------------------------------------
No asynchronous control signals found in this design

Timing Summary:
---------------
Speed Grade: -4

   Minimum period: 4.351ns (Maximum Frequency: 229.832MHz)
   Minimum input arrival time before clock: 3.197ns
   Maximum output required time after clock: 7.418ns
   Maximum combinational path delay: 7.700ns

Timing Detail:
--------------
All values displayed in nanoseconds (ns)

=========================================================================
Timing constraint: Default period analysis for Clock 'clk'
  Clock period: 4.351ns (frequency: 229.832MHz)
  Total number of paths / destination ports: 171 / 18
-------------------------------------------------------------------------
Delay:               4.351ns (Levels of Logic = 18)
  Source:            counter_1 (FF)
  Destination:       counter_17 (FF)
  Source Clock:      clk rising
  Destination Clock: clk rising

  Data Path: counter_1 to counter_17
                                Gate     Net
    Cell:in->out      fanout   Delay   Delay  Logical Name (Net Name)
    ----------------------------------------  ------------
     FDR:C->Q              1   0.591   0.595  counter_1 (counter_1)
     LUT1:I0->O            1   0.704   0.000  Mcount_counter_cy<1>_rt (Mcount_counter_cy<1>_rt)
     MUXCY:S->O            1   0.464   0.000  Mcount_counter_cy<1> (Mcount_counter_cy<1>)
     MUXCY:CI->O           1   0.059   0.000  Mcount_counter_cy<2> (Mcount_counter_cy<2>)
     MUXCY:CI->O           1   0.059   0.000  Mcount_counter_cy<3> (Mcount_counter_cy<3>)
     MUXCY:CI->O           1   0.059   0.000  Mcount_counter_cy<4> (Mcount_counter_cy<4>)
     MUXCY:CI->O           1   0.059   0.000  Mcount_counter_cy<5> (Mcount_counter_cy<5>)
     MUXCY:CI->O           1   0.059   0.000  Mcount_counter_cy<6> (Mcount_counter_cy<6>)
     MUXCY:CI->O           1   0.059   0.000  Mcount_counter_cy<7> (Mcount_counter_cy<7>)
     MUXCY:CI->O           1   0.059   0.000  Mcount_counter_cy<8> (Mcount_counter_cy<8>)
     MUXCY:CI->O           1   0.059   0.000  Mcount_counter_cy<9> (Mcount_counter_cy<9>)
     MUXCY:CI->O           1   0.059   0.000  Mcount_counter_cy<10> (Mcount_counter_cy<10>)
     MUXCY:CI->O           1   0.059   0.000  Mcount_counter_cy<11> (Mcount_counter_cy<11>)
     MUXCY:CI->O           1   0.059   0.000  Mcount_counter_cy<12> (Mcount_counter_cy<12>)
     MUXCY:CI->O           1   0.059   0.000  Mcount_counter_cy<13> (Mcount_counter_cy<13>)
     MUXCY:CI->O           1   0.059   0.000  Mcount_counter_cy<14> (Mcount_counter_cy<14>)
     MUXCY:CI->O           1   0.059   0.000  Mcount_counter_cy<15> (Mcount_counter_cy<15>)
     MUXCY:CI->O           0   0.059   0.000  Mcount_counter_cy<16> (Mcount_counter_cy<16>)
     XORCY:CI->O           1   0.804   0.000  Mcount_counter_xor<17> (Result<17>)
     FDR:D                     0.308          counter_17
    ----------------------------------------
    Total                      4.351ns (3.756ns logic, 0.595ns route)
                                       (86.3% logic, 13.7% route)

=========================================================================
Timing constraint: Default OFFSET IN BEFORE for Clock 'clk'
  Total number of paths / destination ports: 18 / 18
-------------------------------------------------------------------------
Offset:              3.197ns (Levels of Logic = 1)
  Source:            reset (PAD)
  Destination:       counter_0 (FF)
  Destination Clock: clk rising

  Data Path: reset to counter_0
                                Gate     Net
    Cell:in->out      fanout   Delay   Delay  Logical Name (Net Name)
    ----------------------------------------  ------------
     IBUF:I->O            18   1.218   1.068  reset_IBUF (reset_IBUF)
     FDR:R                     0.911          counter_0
    ----------------------------------------
    Total                      3.197ns (2.129ns logic, 1.068ns route)
                                       (66.6% logic, 33.4% route)

=========================================================================
Timing constraint: Default OFFSET OUT AFTER for Clock 'clk'
  Total number of paths / destination ports: 29 / 8
-------------------------------------------------------------------------
Offset:              7.418ns (Levels of Logic = 3)
  Source:            counter_17 (FF)
  Destination:       sseg<6> (PAD)
  Source Clock:      clk rising

  Data Path: counter_17 to sseg<6>
                                Gate     Net
    Cell:in->out      fanout   Delay   Delay  Logical Name (Net Name)
    ----------------------------------------  ------------
     FDR:C->Q              6   0.591   0.844  counter_17 (counter_17)
     LUT3:I0->O            7   0.704   0.883  hex<3>1 (hex<3>)
     LUT4:I0->O            1   0.704   0.420  Mrom_sseg41 (sseg_4_OBUF)
     OBUF:I->O                 3.272          sseg_4_OBUF (sseg<4>)
    ----------------------------------------
    Total                      7.418ns (5.271ns logic, 2.147ns route)
                                       (71.1% logic, 28.9% route)

=========================================================================
Timing constraint: Default path analysis
  Total number of paths / destination ports: 56 / 7
-------------------------------------------------------------------------
Delay:               7.700ns (Levels of Logic = 4)
  Source:            hex1<0> (PAD)
  Destination:       sseg<6> (PAD)

  Data Path: hex1<0> to sseg<6>
                                Gate     Net
    Cell:in->out      fanout   Delay   Delay  Logical Name (Net Name)
    ----------------------------------------  ------------
     IBUF:I->O             1   1.218   0.499  hex1_0_IBUF (hex1_0_IBUF)
     LUT3:I1->O            7   0.704   0.883  hex<0>1 (hex<0>)
     LUT4:I0->O            1   0.704   0.420  Mrom_sseg21 (sseg_2_OBUF)
     OBUF:I->O                 3.272          sseg_2_OBUF (sseg<2>)
    ----------------------------------------
    Total                      7.700ns (5.898ns logic, 1.802ns route)
                                       (76.6% logic, 23.4% route)

=========================================================================


Total REAL time to Xst completion: 3.00 secs
Total CPU time to Xst completion: 3.42 secs
 
--> 

Total memory usage is 4514604 kilobytes

Number of errors   :    0 (   0 filtered)
Number of warnings :    1 (   0 filtered)
Number of infos    :    2 (   0 filtered)

