--------------------------------------------------------------------------------
Release 14.7 Trace  (nt64)
Copyright (c) 1995-2013 Xilinx, Inc.  All rights reserved.

C:\Xilinx\14.7\ISE_DS\ISE\bin\nt64\unwrapped\trce.exe -intstyle ise -v 3 -s 4
-n 3 -fastpaths -xml sevenSeg_hex_mux.twx sevenSeg_hex_mux.ncd -o
sevenSeg_hex_mux.twr sevenSeg_hex_mux.pcf -ucf sevenSeg_Constraint.ucf

Design file:              sevenSeg_hex_mux.ncd
Physical constraint file: sevenSeg_hex_mux.pcf
Device,package,speed:     xc3s500e,fg320,-4 (PRODUCTION 1.27 2013-10-13)
Report level:             verbose report

Environment Variable      Effect 
--------------------      ------ 
NONE                      No environment variables were set
--------------------------------------------------------------------------------

INFO:Timing:3412 - To improve timing, see the Timing Closure User Guide (UG612).
INFO:Timing:2752 - To get complete path coverage, use the unconstrained paths 
   option. All paths that are not constrained will be reported in the 
   unconstrained paths section(s) of the report.
INFO:Timing:3339 - The clock-to-out numbers in this timing report are based on 
   a 50 Ohm transmission line loading model.  For the details of this model, 
   and for more information on accounting for different loading conditions, 
   please see the device datasheet.
INFO:Timing:3390 - This architecture does not support a default System Jitter 
   value, please add SYSTEM_JITTER constraint to the UCF to modify the Clock 
   Uncertainty calculation.
INFO:Timing:3389 - This architecture does not support 'Discrete Jitter' and 
   'Phase Error' calculations, these terms will be zero in the Clock 
   Uncertainty calculation.  Please make appropriate modification to 
   SYSTEM_JITTER to account for the unsupported Discrete Jitter and Phase 
   Error.

================================================================================
Timing constraint: NET "clk_BUFGP/IBUFG" PERIOD = 20 ns HIGH 40%;
For more information, see Period Analysis in the Timing Closure User Guide (UG612).

 171 paths analyzed, 43 endpoints analyzed, 0 failing endpoints
 0 timing errors detected. (0 setup errors, 0 hold errors, 0 component switching limit errors)
 Minimum period is   3.960ns.
--------------------------------------------------------------------------------

Paths for end point counter_17 (SLICE_X17Y87.CIN), 16 paths
--------------------------------------------------------------------------------
Slack (setup path):     16.040ns (requirement - (data path - clock path skew + uncertainty))
  Source:               counter_2 (FF)
  Destination:          counter_17 (FF)
  Requirement:          20.000ns
  Data Path Delay:      3.960ns (Levels of Logic = 8)
  Clock Path Skew:      0.000ns
  Source Clock:         clk_BUFGP rising at 0.000ns
  Destination Clock:    clk_BUFGP rising at 20.000ns
  Clock Uncertainty:    0.000ns

  Maximum Data Path: counter_2 to counter_17
    Location             Delay type         Delay(ns)  Physical Resource
                                                       Logical Resource(s)
    -------------------------------------------------  -------------------
    SLICE_X17Y80.XQ      Tcko                  0.591   counter<2>
                                                       counter_2
    SLICE_X17Y80.F1      net (fanout=1)        0.497   counter<2>
    SLICE_X17Y80.COUT    Topcyf                1.162   counter<2>
                                                       counter<2>_rt
                                                       Mcount_counter_cy<2>
                                                       Mcount_counter_cy<3>
    SLICE_X17Y81.CIN     net (fanout=1)        0.000   Mcount_counter_cy<3>
    SLICE_X17Y81.COUT    Tbyp                  0.118   counter<4>
                                                       Mcount_counter_cy<4>
                                                       Mcount_counter_cy<5>
    SLICE_X17Y82.CIN     net (fanout=1)        0.000   Mcount_counter_cy<5>
    SLICE_X17Y82.COUT    Tbyp                  0.118   counter<6>
                                                       Mcount_counter_cy<6>
                                                       Mcount_counter_cy<7>
    SLICE_X17Y83.CIN     net (fanout=1)        0.000   Mcount_counter_cy<7>
    SLICE_X17Y83.COUT    Tbyp                  0.118   counter<8>
                                                       Mcount_counter_cy<8>
                                                       Mcount_counter_cy<9>
    SLICE_X17Y84.CIN     net (fanout=1)        0.000   Mcount_counter_cy<9>
    SLICE_X17Y84.COUT    Tbyp                  0.118   counter<10>
                                                       Mcount_counter_cy<10>
                                                       Mcount_counter_cy<11>
    SLICE_X17Y85.CIN     net (fanout=1)        0.000   Mcount_counter_cy<11>
    SLICE_X17Y85.COUT    Tbyp                  0.118   counter<12>
                                                       Mcount_counter_cy<12>
                                                       Mcount_counter_cy<13>
    SLICE_X17Y86.CIN     net (fanout=1)        0.000   Mcount_counter_cy<13>
    SLICE_X17Y86.COUT    Tbyp                  0.118   counter<14>
                                                       Mcount_counter_cy<14>
                                                       Mcount_counter_cy<15>
    SLICE_X17Y87.CIN     net (fanout=1)        0.000   Mcount_counter_cy<15>
    SLICE_X17Y87.CLK     Tcinck                1.002   counter<16>
                                                       Mcount_counter_cy<16>
                                                       Mcount_counter_xor<17>
                                                       counter_17
    -------------------------------------------------  ---------------------------
    Total                                      3.960ns (3.463ns logic, 0.497ns route)
                                                       (87.4% logic, 12.6% route)

--------------------------------------------------------------------------------
Slack (setup path):     16.055ns (requirement - (data path - clock path skew + uncertainty))
  Source:               counter_0 (FF)
  Destination:          counter_17 (FF)
  Requirement:          20.000ns
  Data Path Delay:      3.945ns (Levels of Logic = 9)
  Clock Path Skew:      0.000ns
  Source Clock:         clk_BUFGP rising at 0.000ns
  Destination Clock:    clk_BUFGP rising at 20.000ns
  Clock Uncertainty:    0.000ns

  Maximum Data Path: counter_0 to counter_17
    Location             Delay type         Delay(ns)  Physical Resource
                                                       Logical Resource(s)
    -------------------------------------------------  -------------------
    SLICE_X17Y79.XQ      Tcko                  0.591   counter<0>
                                                       counter_0
    SLICE_X17Y79.F4      net (fanout=1)        0.364   counter<0>
    SLICE_X17Y79.COUT    Topcyf                1.162   counter<0>
                                                       Mcount_counter_lut<0>_INV_0
                                                       Mcount_counter_cy<0>
                                                       Mcount_counter_cy<1>
    SLICE_X17Y80.CIN     net (fanout=1)        0.000   Mcount_counter_cy<1>
    SLICE_X17Y80.COUT    Tbyp                  0.118   counter<2>
                                                       Mcount_counter_cy<2>
                                                       Mcount_counter_cy<3>
    SLICE_X17Y81.CIN     net (fanout=1)        0.000   Mcount_counter_cy<3>
    SLICE_X17Y81.COUT    Tbyp                  0.118   counter<4>
                                                       Mcount_counter_cy<4>
                                                       Mcount_counter_cy<5>
    SLICE_X17Y82.CIN     net (fanout=1)        0.000   Mcount_counter_cy<5>
    SLICE_X17Y82.COUT    Tbyp                  0.118   counter<6>
                                                       Mcount_counter_cy<6>
                                                       Mcount_counter_cy<7>
    SLICE_X17Y83.CIN     net (fanout=1)        0.000   Mcount_counter_cy<7>
    SLICE_X17Y83.COUT    Tbyp                  0.118   counter<8>
                                                       Mcount_counter_cy<8>
                                                       Mcount_counter_cy<9>
    SLICE_X17Y84.CIN     net (fanout=1)        0.000   Mcount_counter_cy<9>
    SLICE_X17Y84.COUT    Tbyp                  0.118   counter<10>
                                                       Mcount_counter_cy<10>
                                                       Mcount_counter_cy<11>
    SLICE_X17Y85.CIN     net (fanout=1)        0.000   Mcount_counter_cy<11>
    SLICE_X17Y85.COUT    Tbyp                  0.118   counter<12>
                                                       Mcount_counter_cy<12>
                                                       Mcount_counter_cy<13>
    SLICE_X17Y86.CIN     net (fanout=1)        0.000   Mcount_counter_cy<13>
    SLICE_X17Y86.COUT    Tbyp                  0.118   counter<14>
                                                       Mcount_counter_cy<14>
                                                       Mcount_counter_cy<15>
    SLICE_X17Y87.CIN     net (fanout=1)        0.000   Mcount_counter_cy<15>
    SLICE_X17Y87.CLK     Tcinck                1.002   counter<16>
                                                       Mcount_counter_cy<16>
                                                       Mcount_counter_xor<17>
                                                       counter_17
    -------------------------------------------------  ---------------------------
    Total                                      3.945ns (3.581ns logic, 0.364ns route)
                                                       (90.8% logic, 9.2% route)

--------------------------------------------------------------------------------
Slack (setup path):     16.152ns (requirement - (data path - clock path skew + uncertainty))
  Source:               counter_1 (FF)
  Destination:          counter_17 (FF)
  Requirement:          20.000ns
  Data Path Delay:      3.848ns (Levels of Logic = 9)
  Clock Path Skew:      0.000ns
  Source Clock:         clk_BUFGP rising at 0.000ns
  Destination Clock:    clk_BUFGP rising at 20.000ns
  Clock Uncertainty:    0.000ns

  Maximum Data Path: counter_1 to counter_17
    Location             Delay type         Delay(ns)  Physical Resource
                                                       Logical Resource(s)
    -------------------------------------------------  -------------------
    SLICE_X17Y79.YQ      Tcko                  0.587   counter<0>
                                                       counter_1
    SLICE_X17Y79.G2      net (fanout=1)        0.432   counter<1>
    SLICE_X17Y79.COUT    Topcyg                1.001   counter<0>
                                                       counter<1>_rt
                                                       Mcount_counter_cy<1>
    SLICE_X17Y80.CIN     net (fanout=1)        0.000   Mcount_counter_cy<1>
    SLICE_X17Y80.COUT    Tbyp                  0.118   counter<2>
                                                       Mcount_counter_cy<2>
                                                       Mcount_counter_cy<3>
    SLICE_X17Y81.CIN     net (fanout=1)        0.000   Mcount_counter_cy<3>
    SLICE_X17Y81.COUT    Tbyp                  0.118   counter<4>
                                                       Mcount_counter_cy<4>
                                                       Mcount_counter_cy<5>
    SLICE_X17Y82.CIN     net (fanout=1)        0.000   Mcount_counter_cy<5>
    SLICE_X17Y82.COUT    Tbyp                  0.118   counter<6>
                                                       Mcount_counter_cy<6>
                                                       Mcount_counter_cy<7>
    SLICE_X17Y83.CIN     net (fanout=1)        0.000   Mcount_counter_cy<7>
    SLICE_X17Y83.COUT    Tbyp                  0.118   counter<8>
                                                       Mcount_counter_cy<8>
                                                       Mcount_counter_cy<9>
    SLICE_X17Y84.CIN     net (fanout=1)        0.000   Mcount_counter_cy<9>
    SLICE_X17Y84.COUT    Tbyp                  0.118   counter<10>
                                                       Mcount_counter_cy<10>
                                                       Mcount_counter_cy<11>
    SLICE_X17Y85.CIN     net (fanout=1)        0.000   Mcount_counter_cy<11>
    SLICE_X17Y85.COUT    Tbyp                  0.118   counter<12>
                                                       Mcount_counter_cy<12>
                                                       Mcount_counter_cy<13>
    SLICE_X17Y86.CIN     net (fanout=1)        0.000   Mcount_counter_cy<13>
    SLICE_X17Y86.COUT    Tbyp                  0.118   counter<14>
                                                       Mcount_counter_cy<14>
                                                       Mcount_counter_cy<15>
    SLICE_X17Y87.CIN     net (fanout=1)        0.000   Mcount_counter_cy<15>
    SLICE_X17Y87.CLK     Tcinck                1.002   counter<16>
                                                       Mcount_counter_cy<16>
                                                       Mcount_counter_xor<17>
                                                       counter_17
    -------------------------------------------------  ---------------------------
    Total                                      3.848ns (3.416ns logic, 0.432ns route)
                                                       (88.8% logic, 11.2% route)

--------------------------------------------------------------------------------

Paths for end point counter_15 (SLICE_X17Y86.CIN), 14 paths
--------------------------------------------------------------------------------
Slack (setup path):     16.158ns (requirement - (data path - clock path skew + uncertainty))
  Source:               counter_2 (FF)
  Destination:          counter_15 (FF)
  Requirement:          20.000ns
  Data Path Delay:      3.842ns (Levels of Logic = 7)
  Clock Path Skew:      0.000ns
  Source Clock:         clk_BUFGP rising at 0.000ns
  Destination Clock:    clk_BUFGP rising at 20.000ns
  Clock Uncertainty:    0.000ns

  Maximum Data Path: counter_2 to counter_15
    Location             Delay type         Delay(ns)  Physical Resource
                                                       Logical Resource(s)
    -------------------------------------------------  -------------------
    SLICE_X17Y80.XQ      Tcko                  0.591   counter<2>
                                                       counter_2
    SLICE_X17Y80.F1      net (fanout=1)        0.497   counter<2>
    SLICE_X17Y80.COUT    Topcyf                1.162   counter<2>
                                                       counter<2>_rt
                                                       Mcount_counter_cy<2>
                                                       Mcount_counter_cy<3>
    SLICE_X17Y81.CIN     net (fanout=1)        0.000   Mcount_counter_cy<3>
    SLICE_X17Y81.COUT    Tbyp                  0.118   counter<4>
                                                       Mcount_counter_cy<4>
                                                       Mcount_counter_cy<5>
    SLICE_X17Y82.CIN     net (fanout=1)        0.000   Mcount_counter_cy<5>
    SLICE_X17Y82.COUT    Tbyp                  0.118   counter<6>
                                                       Mcount_counter_cy<6>
                                                       Mcount_counter_cy<7>
    SLICE_X17Y83.CIN     net (fanout=1)        0.000   Mcount_counter_cy<7>
    SLICE_X17Y83.COUT    Tbyp                  0.118   counter<8>
                                                       Mcount_counter_cy<8>
                                                       Mcount_counter_cy<9>
    SLICE_X17Y84.CIN     net (fanout=1)        0.000   Mcount_counter_cy<9>
    SLICE_X17Y84.COUT    Tbyp                  0.118   counter<10>
                                                       Mcount_counter_cy<10>
                                                       Mcount_counter_cy<11>
    SLICE_X17Y85.CIN     net (fanout=1)        0.000   Mcount_counter_cy<11>
    SLICE_X17Y85.COUT    Tbyp                  0.118   counter<12>
                                                       Mcount_counter_cy<12>
                                                       Mcount_counter_cy<13>
    SLICE_X17Y86.CIN     net (fanout=1)        0.000   Mcount_counter_cy<13>
    SLICE_X17Y86.CLK     Tcinck                1.002   counter<14>
                                                       Mcount_counter_cy<14>
                                                       Mcount_counter_xor<15>
                                                       counter_15
    -------------------------------------------------  ---------------------------
    Total                                      3.842ns (3.345ns logic, 0.497ns route)
                                                       (87.1% logic, 12.9% route)

--------------------------------------------------------------------------------
Slack (setup path):     16.173ns (requirement - (data path - clock path skew + uncertainty))
  Source:               counter_0 (FF)
  Destination:          counter_15 (FF)
  Requirement:          20.000ns
  Data Path Delay:      3.827ns (Levels of Logic = 8)
  Clock Path Skew:      0.000ns
  Source Clock:         clk_BUFGP rising at 0.000ns
  Destination Clock:    clk_BUFGP rising at 20.000ns
  Clock Uncertainty:    0.000ns

  Maximum Data Path: counter_0 to counter_15
    Location             Delay type         Delay(ns)  Physical Resource
                                                       Logical Resource(s)
    -------------------------------------------------  -------------------
    SLICE_X17Y79.XQ      Tcko                  0.591   counter<0>
                                                       counter_0
    SLICE_X17Y79.F4      net (fanout=1)        0.364   counter<0>
    SLICE_X17Y79.COUT    Topcyf                1.162   counter<0>
                                                       Mcount_counter_lut<0>_INV_0
                                                       Mcount_counter_cy<0>
                                                       Mcount_counter_cy<1>
    SLICE_X17Y80.CIN     net (fanout=1)        0.000   Mcount_counter_cy<1>
    SLICE_X17Y80.COUT    Tbyp                  0.118   counter<2>
                                                       Mcount_counter_cy<2>
                                                       Mcount_counter_cy<3>
    SLICE_X17Y81.CIN     net (fanout=1)        0.000   Mcount_counter_cy<3>
    SLICE_X17Y81.COUT    Tbyp                  0.118   counter<4>
                                                       Mcount_counter_cy<4>
                                                       Mcount_counter_cy<5>
    SLICE_X17Y82.CIN     net (fanout=1)        0.000   Mcount_counter_cy<5>
    SLICE_X17Y82.COUT    Tbyp                  0.118   counter<6>
                                                       Mcount_counter_cy<6>
                                                       Mcount_counter_cy<7>
    SLICE_X17Y83.CIN     net (fanout=1)        0.000   Mcount_counter_cy<7>
    SLICE_X17Y83.COUT    Tbyp                  0.118   counter<8>
                                                       Mcount_counter_cy<8>
                                                       Mcount_counter_cy<9>
    SLICE_X17Y84.CIN     net (fanout=1)        0.000   Mcount_counter_cy<9>
    SLICE_X17Y84.COUT    Tbyp                  0.118   counter<10>
                                                       Mcount_counter_cy<10>
                                                       Mcount_counter_cy<11>
    SLICE_X17Y85.CIN     net (fanout=1)        0.000   Mcount_counter_cy<11>
    SLICE_X17Y85.COUT    Tbyp                  0.118   counter<12>
                                                       Mcount_counter_cy<12>
                                                       Mcount_counter_cy<13>
    SLICE_X17Y86.CIN     net (fanout=1)        0.000   Mcount_counter_cy<13>
    SLICE_X17Y86.CLK     Tcinck                1.002   counter<14>
                                                       Mcount_counter_cy<14>
                                                       Mcount_counter_xor<15>
                                                       counter_15
    -------------------------------------------------  ---------------------------
    Total                                      3.827ns (3.463ns logic, 0.364ns route)
                                                       (90.5% logic, 9.5% route)

--------------------------------------------------------------------------------
Slack (setup path):     16.270ns (requirement - (data path - clock path skew + uncertainty))
  Source:               counter_1 (FF)
  Destination:          counter_15 (FF)
  Requirement:          20.000ns
  Data Path Delay:      3.730ns (Levels of Logic = 8)
  Clock Path Skew:      0.000ns
  Source Clock:         clk_BUFGP rising at 0.000ns
  Destination Clock:    clk_BUFGP rising at 20.000ns
  Clock Uncertainty:    0.000ns

  Maximum Data Path: counter_1 to counter_15
    Location             Delay type         Delay(ns)  Physical Resource
                                                       Logical Resource(s)
    -------------------------------------------------  -------------------
    SLICE_X17Y79.YQ      Tcko                  0.587   counter<0>
                                                       counter_1
    SLICE_X17Y79.G2      net (fanout=1)        0.432   counter<1>
    SLICE_X17Y79.COUT    Topcyg                1.001   counter<0>
                                                       counter<1>_rt
                                                       Mcount_counter_cy<1>
    SLICE_X17Y80.CIN     net (fanout=1)        0.000   Mcount_counter_cy<1>
    SLICE_X17Y80.COUT    Tbyp                  0.118   counter<2>
                                                       Mcount_counter_cy<2>
                                                       Mcount_counter_cy<3>
    SLICE_X17Y81.CIN     net (fanout=1)        0.000   Mcount_counter_cy<3>
    SLICE_X17Y81.COUT    Tbyp                  0.118   counter<4>
                                                       Mcount_counter_cy<4>
                                                       Mcount_counter_cy<5>
    SLICE_X17Y82.CIN     net (fanout=1)        0.000   Mcount_counter_cy<5>
    SLICE_X17Y82.COUT    Tbyp                  0.118   counter<6>
                                                       Mcount_counter_cy<6>
                                                       Mcount_counter_cy<7>
    SLICE_X17Y83.CIN     net (fanout=1)        0.000   Mcount_counter_cy<7>
    SLICE_X17Y83.COUT    Tbyp                  0.118   counter<8>
                                                       Mcount_counter_cy<8>
                                                       Mcount_counter_cy<9>
    SLICE_X17Y84.CIN     net (fanout=1)        0.000   Mcount_counter_cy<9>
    SLICE_X17Y84.COUT    Tbyp                  0.118   counter<10>
                                                       Mcount_counter_cy<10>
                                                       Mcount_counter_cy<11>
    SLICE_X17Y85.CIN     net (fanout=1)        0.000   Mcount_counter_cy<11>
    SLICE_X17Y85.COUT    Tbyp                  0.118   counter<12>
                                                       Mcount_counter_cy<12>
                                                       Mcount_counter_cy<13>
    SLICE_X17Y86.CIN     net (fanout=1)        0.000   Mcount_counter_cy<13>
    SLICE_X17Y86.CLK     Tcinck                1.002   counter<14>
                                                       Mcount_counter_cy<14>
                                                       Mcount_counter_xor<15>
                                                       counter_15
    -------------------------------------------------  ---------------------------
    Total                                      3.730ns (3.298ns logic, 0.432ns route)
                                                       (88.4% logic, 11.6% route)

--------------------------------------------------------------------------------

Paths for end point counter_13 (SLICE_X17Y85.CIN), 12 paths
--------------------------------------------------------------------------------
Slack (setup path):     16.276ns (requirement - (data path - clock path skew + uncertainty))
  Source:               counter_2 (FF)
  Destination:          counter_13 (FF)
  Requirement:          20.000ns
  Data Path Delay:      3.724ns (Levels of Logic = 6)
  Clock Path Skew:      0.000ns
  Source Clock:         clk_BUFGP rising at 0.000ns
  Destination Clock:    clk_BUFGP rising at 20.000ns
  Clock Uncertainty:    0.000ns

  Maximum Data Path: counter_2 to counter_13
    Location             Delay type         Delay(ns)  Physical Resource
                                                       Logical Resource(s)
    -------------------------------------------------  -------------------
    SLICE_X17Y80.XQ      Tcko                  0.591   counter<2>
                                                       counter_2
    SLICE_X17Y80.F1      net (fanout=1)        0.497   counter<2>
    SLICE_X17Y80.COUT    Topcyf                1.162   counter<2>
                                                       counter<2>_rt
                                                       Mcount_counter_cy<2>
                                                       Mcount_counter_cy<3>
    SLICE_X17Y81.CIN     net (fanout=1)        0.000   Mcount_counter_cy<3>
    SLICE_X17Y81.COUT    Tbyp                  0.118   counter<4>
                                                       Mcount_counter_cy<4>
                                                       Mcount_counter_cy<5>
    SLICE_X17Y82.CIN     net (fanout=1)        0.000   Mcount_counter_cy<5>
    SLICE_X17Y82.COUT    Tbyp                  0.118   counter<6>
                                                       Mcount_counter_cy<6>
                                                       Mcount_counter_cy<7>
    SLICE_X17Y83.CIN     net (fanout=1)        0.000   Mcount_counter_cy<7>
    SLICE_X17Y83.COUT    Tbyp                  0.118   counter<8>
                                                       Mcount_counter_cy<8>
                                                       Mcount_counter_cy<9>
    SLICE_X17Y84.CIN     net (fanout=1)        0.000   Mcount_counter_cy<9>
    SLICE_X17Y84.COUT    Tbyp                  0.118   counter<10>
                                                       Mcount_counter_cy<10>
                                                       Mcount_counter_cy<11>
    SLICE_X17Y85.CIN     net (fanout=1)        0.000   Mcount_counter_cy<11>
    SLICE_X17Y85.CLK     Tcinck                1.002   counter<12>
                                                       Mcount_counter_cy<12>
                                                       Mcount_counter_xor<13>
                                                       counter_13
    -------------------------------------------------  ---------------------------
    Total                                      3.724ns (3.227ns logic, 0.497ns route)
                                                       (86.7% logic, 13.3% route)

--------------------------------------------------------------------------------
Slack (setup path):     16.291ns (requirement - (data path - clock path skew + uncertainty))
  Source:               counter_0 (FF)
  Destination:          counter_13 (FF)
  Requirement:          20.000ns
  Data Path Delay:      3.709ns (Levels of Logic = 7)
  Clock Path Skew:      0.000ns
  Source Clock:         clk_BUFGP rising at 0.000ns
  Destination Clock:    clk_BUFGP rising at 20.000ns
  Clock Uncertainty:    0.000ns

  Maximum Data Path: counter_0 to counter_13
    Location             Delay type         Delay(ns)  Physical Resource
                                                       Logical Resource(s)
    -------------------------------------------------  -------------------
    SLICE_X17Y79.XQ      Tcko                  0.591   counter<0>
                                                       counter_0
    SLICE_X17Y79.F4      net (fanout=1)        0.364   counter<0>
    SLICE_X17Y79.COUT    Topcyf                1.162   counter<0>
                                                       Mcount_counter_lut<0>_INV_0
                                                       Mcount_counter_cy<0>
                                                       Mcount_counter_cy<1>
    SLICE_X17Y80.CIN     net (fanout=1)        0.000   Mcount_counter_cy<1>
    SLICE_X17Y80.COUT    Tbyp                  0.118   counter<2>
                                                       Mcount_counter_cy<2>
                                                       Mcount_counter_cy<3>
    SLICE_X17Y81.CIN     net (fanout=1)        0.000   Mcount_counter_cy<3>
    SLICE_X17Y81.COUT    Tbyp                  0.118   counter<4>
                                                       Mcount_counter_cy<4>
                                                       Mcount_counter_cy<5>
    SLICE_X17Y82.CIN     net (fanout=1)        0.000   Mcount_counter_cy<5>
    SLICE_X17Y82.COUT    Tbyp                  0.118   counter<6>
                                                       Mcount_counter_cy<6>
                                                       Mcount_counter_cy<7>
    SLICE_X17Y83.CIN     net (fanout=1)        0.000   Mcount_counter_cy<7>
    SLICE_X17Y83.COUT    Tbyp                  0.118   counter<8>
                                                       Mcount_counter_cy<8>
                                                       Mcount_counter_cy<9>
    SLICE_X17Y84.CIN     net (fanout=1)        0.000   Mcount_counter_cy<9>
    SLICE_X17Y84.COUT    Tbyp                  0.118   counter<10>
                                                       Mcount_counter_cy<10>
                                                       Mcount_counter_cy<11>
    SLICE_X17Y85.CIN     net (fanout=1)        0.000   Mcount_counter_cy<11>
    SLICE_X17Y85.CLK     Tcinck                1.002   counter<12>
                                                       Mcount_counter_cy<12>
                                                       Mcount_counter_xor<13>
                                                       counter_13
    -------------------------------------------------  ---------------------------
    Total                                      3.709ns (3.345ns logic, 0.364ns route)
                                                       (90.2% logic, 9.8% route)

--------------------------------------------------------------------------------
Slack (setup path):     16.388ns (requirement - (data path - clock path skew + uncertainty))
  Source:               counter_1 (FF)
  Destination:          counter_13 (FF)
  Requirement:          20.000ns
  Data Path Delay:      3.612ns (Levels of Logic = 7)
  Clock Path Skew:      0.000ns
  Source Clock:         clk_BUFGP rising at 0.000ns
  Destination Clock:    clk_BUFGP rising at 20.000ns
  Clock Uncertainty:    0.000ns

  Maximum Data Path: counter_1 to counter_13
    Location             Delay type         Delay(ns)  Physical Resource
                                                       Logical Resource(s)
    -------------------------------------------------  -------------------
    SLICE_X17Y79.YQ      Tcko                  0.587   counter<0>
                                                       counter_1
    SLICE_X17Y79.G2      net (fanout=1)        0.432   counter<1>
    SLICE_X17Y79.COUT    Topcyg                1.001   counter<0>
                                                       counter<1>_rt
                                                       Mcount_counter_cy<1>
    SLICE_X17Y80.CIN     net (fanout=1)        0.000   Mcount_counter_cy<1>
    SLICE_X17Y80.COUT    Tbyp                  0.118   counter<2>
                                                       Mcount_counter_cy<2>
                                                       Mcount_counter_cy<3>
    SLICE_X17Y81.CIN     net (fanout=1)        0.000   Mcount_counter_cy<3>
    SLICE_X17Y81.COUT    Tbyp                  0.118   counter<4>
                                                       Mcount_counter_cy<4>
                                                       Mcount_counter_cy<5>
    SLICE_X17Y82.CIN     net (fanout=1)        0.000   Mcount_counter_cy<5>
    SLICE_X17Y82.COUT    Tbyp                  0.118   counter<6>
                                                       Mcount_counter_cy<6>
                                                       Mcount_counter_cy<7>
    SLICE_X17Y83.CIN     net (fanout=1)        0.000   Mcount_counter_cy<7>
    SLICE_X17Y83.COUT    Tbyp                  0.118   counter<8>
                                                       Mcount_counter_cy<8>
                                                       Mcount_counter_cy<9>
    SLICE_X17Y84.CIN     net (fanout=1)        0.000   Mcount_counter_cy<9>
    SLICE_X17Y84.COUT    Tbyp                  0.118   counter<10>
                                                       Mcount_counter_cy<10>
                                                       Mcount_counter_cy<11>
    SLICE_X17Y85.CIN     net (fanout=1)        0.000   Mcount_counter_cy<11>
    SLICE_X17Y85.CLK     Tcinck                1.002   counter<12>
                                                       Mcount_counter_cy<12>
                                                       Mcount_counter_xor<13>
                                                       counter_13
    -------------------------------------------------  ---------------------------
    Total                                      3.612ns (3.180ns logic, 0.432ns route)
                                                       (88.0% logic, 12.0% route)

--------------------------------------------------------------------------------

Hold Paths: NET "clk_BUFGP/IBUFG" PERIOD = 20 ns HIGH 40%;
--------------------------------------------------------------------------------

Paths for end point counter_0 (SLICE_X17Y79.F4), 1 path
--------------------------------------------------------------------------------
Slack (hold path):      1.565ns (requirement - (clock path skew + uncertainty - data path))
  Source:               counter_0 (FF)
  Destination:          counter_0 (FF)
  Requirement:          0.000ns
  Data Path Delay:      1.565ns (Levels of Logic = 1)
  Clock Path Skew:      0.000ns
  Source Clock:         clk_BUFGP rising at 20.000ns
  Destination Clock:    clk_BUFGP rising at 20.000ns
  Clock Uncertainty:    0.000ns

  Minimum Data Path: counter_0 to counter_0
    Location             Delay type         Delay(ns)  Physical Resource
                                                       Logical Resource(s)
    -------------------------------------------------  -------------------
    SLICE_X17Y79.XQ      Tcko                  0.473   counter<0>
                                                       counter_0
    SLICE_X17Y79.F4      net (fanout=1)        0.291   counter<0>
    SLICE_X17Y79.CLK     Tckf        (-Th)    -0.801   counter<0>
                                                       Mcount_counter_lut<0>_INV_0
                                                       Mcount_counter_xor<0>
                                                       counter_0
    -------------------------------------------------  ---------------------------
    Total                                      1.565ns (1.274ns logic, 0.291ns route)
                                                       (81.4% logic, 18.6% route)

--------------------------------------------------------------------------------

Paths for end point counter_4 (SLICE_X17Y81.F2), 1 path
--------------------------------------------------------------------------------
Slack (hold path):      1.643ns (requirement - (clock path skew + uncertainty - data path))
  Source:               counter_4 (FF)
  Destination:          counter_4 (FF)
  Requirement:          0.000ns
  Data Path Delay:      1.643ns (Levels of Logic = 1)
  Clock Path Skew:      0.000ns
  Source Clock:         clk_BUFGP rising at 20.000ns
  Destination Clock:    clk_BUFGP rising at 20.000ns
  Clock Uncertainty:    0.000ns

  Minimum Data Path: counter_4 to counter_4
    Location             Delay type         Delay(ns)  Physical Resource
                                                       Logical Resource(s)
    -------------------------------------------------  -------------------
    SLICE_X17Y81.XQ      Tcko                  0.473   counter<4>
                                                       counter_4
    SLICE_X17Y81.F2      net (fanout=1)        0.369   counter<4>
    SLICE_X17Y81.CLK     Tckf        (-Th)    -0.801   counter<4>
                                                       counter<4>_rt
                                                       Mcount_counter_xor<4>
                                                       counter_4
    -------------------------------------------------  ---------------------------
    Total                                      1.643ns (1.274ns logic, 0.369ns route)
                                                       (77.5% logic, 22.5% route)

--------------------------------------------------------------------------------

Paths for end point counter_8 (SLICE_X17Y83.F2), 1 path
--------------------------------------------------------------------------------
Slack (hold path):      1.643ns (requirement - (clock path skew + uncertainty - data path))
  Source:               counter_8 (FF)
  Destination:          counter_8 (FF)
  Requirement:          0.000ns
  Data Path Delay:      1.643ns (Levels of Logic = 1)
  Clock Path Skew:      0.000ns
  Source Clock:         clk_BUFGP rising at 20.000ns
  Destination Clock:    clk_BUFGP rising at 20.000ns
  Clock Uncertainty:    0.000ns

  Minimum Data Path: counter_8 to counter_8
    Location             Delay type         Delay(ns)  Physical Resource
                                                       Logical Resource(s)
    -------------------------------------------------  -------------------
    SLICE_X17Y83.XQ      Tcko                  0.473   counter<8>
                                                       counter_8
    SLICE_X17Y83.F2      net (fanout=1)        0.369   counter<8>
    SLICE_X17Y83.CLK     Tckf        (-Th)    -0.801   counter<8>
                                                       counter<8>_rt
                                                       Mcount_counter_xor<8>
                                                       counter_8
    -------------------------------------------------  ---------------------------
    Total                                      1.643ns (1.274ns logic, 0.369ns route)
                                                       (77.5% logic, 22.5% route)

--------------------------------------------------------------------------------

Component Switching Limit Checks: NET "clk_BUFGP/IBUFG" PERIOD = 20 ns HIGH 40%;
--------------------------------------------------------------------------------
Slack: 18.005ns (period - (min high pulse limit / (high pulse / period)))
  Period: 20.000ns
  High pulse: 8.000ns
  High pulse limit: 0.798ns (Tch)
  Physical resource: counter<0>/CLK
  Logical resource: counter_0/CK
  Location pin: SLICE_X17Y79.CLK
  Clock network: clk_BUFGP
--------------------------------------------------------------------------------
Slack: 18.005ns (period - (min high pulse limit / (high pulse / period)))
  Period: 20.000ns
  High pulse: 8.000ns
  High pulse limit: 0.798ns (Tch)
  Physical resource: counter<0>/CLK
  Logical resource: counter_1/CK
  Location pin: SLICE_X17Y79.CLK
  Clock network: clk_BUFGP
--------------------------------------------------------------------------------
Slack: 18.005ns (period - (min high pulse limit / (high pulse / period)))
  Period: 20.000ns
  High pulse: 8.000ns
  High pulse limit: 0.798ns (Tch)
  Physical resource: counter<2>/CLK
  Logical resource: counter_2/CK
  Location pin: SLICE_X17Y80.CLK
  Clock network: clk_BUFGP
--------------------------------------------------------------------------------


All constraints were met.


Data Sheet report:
-----------------
All values displayed in nanoseconds (ns)

Clock to Setup on destination clock clk
---------------+---------+---------+---------+---------+
               | Src:Rise| Src:Fall| Src:Rise| Src:Fall|
Source Clock   |Dest:Rise|Dest:Rise|Dest:Fall|Dest:Fall|
---------------+---------+---------+---------+---------+
clk            |    3.960|         |         |         |
---------------+---------+---------+---------+---------+


Timing summary:
---------------

Timing errors: 0  Score: 0  (Setup/Max: 0, Hold: 0)

Constraints cover 171 paths, 0 nets, and 36 connections

Design statistics:
   Minimum period:   3.960ns{1}   (Maximum frequency: 252.525MHz)


------------------------------------Footnotes-----------------------------------
1)  The minimum period statistic assumes all single cycle delays.

Analysis completed Mon Mar 30 10:36:31 2026 
--------------------------------------------------------------------------------

Trace Settings:
-------------------------
Trace Settings 

Peak Memory Usage: 4511 MB



