Running: C:\Xilinx\14.7\ISE_DS\ISE\bin\nt64\unwrapped\fuse.exe -intstyle ise -incremental -o C:/Users/aula2.ELE/Documents/Nova pasta/lab07_vini_vivi/top_level_isim_beh.exe -prj C:/Users/aula2.ELE/Documents/Nova pasta/lab07_vini_vivi/top_level_beh.prj work.top_level 
ISim P.20131013 (signature 0x7708f090)
Number of CPUs detected in this system: 6
Turning on mult-threading, number of parallel sub-compilation jobs: 12 
Determining compilation order of HDL files
Parsing VHDL file "C:/Users/aula2.ELE/Documents/Nova pasta/lab07_vini_vivi/lcd_write.vhd" into library work
Parsing VHDL file "C:/Users/aula2.ELE/Documents/Nova pasta/lab07_vini_vivi/lcd_init.vhd" into library work
Parsing VHDL file "C:/Users/aula2.ELE/Documents/Nova pasta/lab07_vini_vivi/top.vhd" into library work
Starting static elaboration
Completed static elaboration
Compiling package standard
Compiling package std_logic_1164
Compiling package numeric_std
Compiling architecture behavioral of entity lcd_init [lcd_init_default]
Compiling architecture behavioral of entity lcd_write [lcd_write_default]
Compiling architecture behavioral of entity top_level
Time Resolution for simulation is 1ps.
Waiting for 1 sub-compilation(s) to finish...
Compiled 8 VHDL Units
Built simulation executable C:/Users/aula2.ELE/Documents/Nova pasta/lab07_vini_vivi/top_level_isim_beh.exe
Fuse Memory Usage: 37132 KB
Fuse CPU Usage: 406 ms
