Command line:
   top_level_isim_beh.exe
     -simmode  gui
     -simrunnum  0
     -socket  35580

Wed May 27 09:34:16 2026


 Elaboration Time: 0.25 sec

 Current Memory Usage: 5652.37 Meg

 Total Signals          : 40
 Total Nets             : 113
 Total Signal Drivers   : 26
 Total Blocks           : 5
 Total Primitive Blocks : 4
 Total Processes        : 12
 Total Traceable Variables  : 13
 Total Scalar Nets and Variables : 596
Total Line Count : 136

 Total Simulation Time: 0.328125 sec

 Current Memory Usage: 5023.23 Meg

Wed May 27 09:36:36 2026

