Release 14.7 - xst P.20131013 (nt64)
Copyright (c) 1995-2013 Xilinx, Inc.  All rights reserved.
--> Parameter TMPDIR set to xst/projnav.tmp


Total REAL time to Xst completion: 0.00 secs
Total CPU time to Xst completion: 0.10 secs
 
--> Parameter xsthdpdir set to xst


Total REAL time to Xst completion: 0.00 secs
Total CPU time to Xst completion: 0.10 secs
 
--> Reading design: debounce_v1.prj

TABLE OF CONTENTS
  1) Synthesis Options Summary
  2) HDL Parsing
  3) HDL Elaboration
  4) HDL Synthesis
       4.1) HDL Synthesis Report
  5) Advanced HDL Synthesis
       5.1) Advanced HDL Synthesis Report
  6) Low Level Synthesis
  7) Partition Report
  8) Design Summary
       8.1) Primitive and Black Box Usage
       8.2) Device utilization summary
       8.3) Partition Resource Summary
       8.4) Timing Report
            8.4.1) Clock Information
            8.4.2) Asynchronous Control Signals Information
            8.4.3) Timing Summary
            8.4.4) Timing Details
            8.4.5) Cross Clock Domains Report


=========================================================================
*                      Synthesis Options Summary                        *
=========================================================================
---- Source Parameters
Input File Name                    : "debounce_v1.prj"
Ignore Synthesis Constraint File   : NO

---- Target Parameters
Output File Name                   : "debounce_v1"
Output Format                      : NGC
Target Device                      : xc7a100t-3-csg324

---- Source Options
Top Module Name                    : debounce_v1
Automatic FSM Extraction           : YES
FSM Encoding Algorithm             : Auto
Safe Implementation                : No
FSM Style                          : LUT
RAM Extraction                     : Yes
RAM Style                          : Auto
ROM Extraction                     : Yes
Shift Register Extraction          : YES
ROM Style                          : Auto
Resource Sharing                   : YES
Asynchronous To Synchronous        : NO
Shift Register Minimum Size        : 2
Use DSP Block                      : Auto
Automatic Register Balancing       : No

---- Target Options
LUT Combining                      : Auto
Reduce Control Sets                : Auto
Add IO Buffers                     : YES
Global Maximum Fanout              : 100000
Add Generic Clock Buffer(BUFG)     : 32
Register Duplication               : YES
Optimize Instantiated Primitives   : NO
Use Clock Enable                   : Auto
Use Synchronous Set                : Auto
Use Synchronous Reset              : Auto
Pack IO Registers into IOBs        : Auto
Equivalent register Removal        : YES

---- General Options
Optimization Goal                  : Speed
Optimization Effort                : 1
Power Reduction                    : NO
Keep Hierarchy                     : No
Netlist Hierarchy                  : As_Optimized
RTL Output                         : Yes
Global Optimization                : AllClockNets
Read Cores                         : YES
Write Timing Constraints           : NO
Cross Clock Analysis               : NO
Hierarchy Separator                : /
Bus Delimiter                      : <>
Case Specifier                     : Maintain
Slice Utilization Ratio            : 100
BRAM Utilization Ratio             : 100
DSP48 Utilization Ratio            : 100
Auto BRAM Packing                  : NO
Slice Utilization Ratio Delta      : 5

=========================================================================


=========================================================================
*                          HDL Parsing                                  *
=========================================================================
Parsing VHDL file "C:\Users\aula2\Documents\CompDig Aula 2\Lab03_Vivi_Vinicius\Debounce1_Vivi_Vinicius.vhd" into library work
Parsing entity <debounce_v1>.
Parsing architecture <Behavioral> of entity <debounce_v1>.

=========================================================================
*                            HDL Elaboration                            *
=========================================================================

Elaborating entity <debounce_v1> (architecture <Behavioral>) from library <work>.
INFO:HDLCompiler:679 - "C:\Users\aula2\Documents\CompDig Aula 2\Lab03_Vivi_Vinicius\Debounce1_Vivi_Vinicius.vhd" Line 67. Case statement is complete. others clause is never selected

=========================================================================
*                           HDL Synthesis                               *
=========================================================================

Synthesizing Unit <debounce_v1>.
    Related source file is "C:\Users\aula2\Documents\CompDig Aula 2\Lab03_Vivi_Vinicius\Debounce1_Vivi_Vinicius.vhd".
    Found 20-bit register for signal <counter>.
    Found 2-bit register for signal <dff>.
    Found 1-bit register for signal <state>.
    Found 1-bit register for signal <tick_reg>.
    Found 1-bit register for signal <result>.
    Found 20-bit adder for signal <counter[19]_GND_4_o_add_1_OUT> created at line 1241.
    Found 20-bit comparator greater for signal <counter[19]_PWR_4_o_LessThan_1_o> created at line 41
    Summary:
	inferred   1 Adder/Subtractor(s).
	inferred  25 D-type flip-flop(s).
	inferred   1 Comparator(s).
	inferred   2 Multiplexer(s).
Unit <debounce_v1> synthesized.

=========================================================================
HDL Synthesis Report

Macro Statistics
# Adders/Subtractors                                   : 1
 20-bit adder                                          : 1
# Registers                                            : 5
 1-bit register                                        : 3
 2-bit register                                        : 1
 20-bit register                                       : 1
# Comparators                                          : 1
 20-bit comparator greater                             : 1
# Multiplexers                                         : 2
 1-bit 2-to-1 multiplexer                              : 1
 20-bit 2-to-1 multiplexer                             : 1
# Xors                                                 : 1
 1-bit xor2                                            : 1

=========================================================================

=========================================================================
*                       Advanced HDL Synthesis                          *
=========================================================================


=========================================================================
Advanced HDL Synthesis Report

Macro Statistics
# Adders/Subtractors                                   : 1
 20-bit adder                                          : 1
# Registers                                            : 25
 Flip-Flops                                            : 25
# Comparators                                          : 1
 20-bit comparator greater                             : 1
# Multiplexers                                         : 2
 1-bit 2-to-1 multiplexer                              : 1
 20-bit 2-to-1 multiplexer                             : 1
# Xors                                                 : 1
 1-bit xor2                                            : 1

=========================================================================

=========================================================================
*                         Low Level Synthesis                           *
=========================================================================

Optimizing unit <debounce_v1> ...

Mapping all equations...
Building and optimizing final netlist ...
Found area constraint ratio of 100 (+ 5) on block debounce_v1, actual ratio is 0.

Final Macro Processing ...

=========================================================================
Final Register Report

Macro Statistics
# Registers                                            : 25
 Flip-Flops                                            : 25

=========================================================================

=========================================================================
*                           Partition Report                            *
=========================================================================

Partition Implementation Status
-------------------------------

  No Partitions were found in this design.

-------------------------------

=========================================================================
*                            Design Summary                             *
=========================================================================

Top Level Output File Name         : debounce_v1.ngc

Primitive and Black Box Usage:
------------------------------
# BELS                             : 89
#      GND                         : 1
#      INV                         : 1
#      LUT1                        : 19
#      LUT2                        : 1
#      LUT3                        : 21
#      LUT4                        : 2
#      LUT5                        : 2
#      LUT6                        : 2
#      MUXCY                       : 19
#      VCC                         : 1
#      XORCY                       : 20
# FlipFlops/Latches                : 25
#      FDC                         : 4
#      FDCE                        : 20
#      FDE                         : 1
# Clock Buffers                    : 1
#      BUFGP                       : 1
# IO Buffers                       : 4
#      IBUF                        : 2
#      OBUF                        : 2

Device utilization summary:
---------------------------

Selected Device : 7a100tcsg324-3 


Slice Logic Utilization: 
 Number of Slice Registers:              25  out of  126800     0%  
 Number of Slice LUTs:                   48  out of  63400     0%  
    Number used as Logic:                48  out of  63400     0%  

Slice Logic Distribution: 
 Number of LUT Flip Flop pairs used:     51
   Number with an unused Flip Flop:      26  out of     51    50%  
   Number with an unused LUT:             3  out of     51     5%  
   Number of fully used LUT-FF pairs:    22  out of     51    43%  
   Number of unique control sets:         3

IO Utilization: 
 Number of IOs:                           5
 Number of bonded IOBs:                   5  out of    210     2%  

Specific Feature Utilization:
 Number of BUFG/BUFGCTRLs:                1  out of     32     3%  

---------------------------
Partition Resource Summary:
---------------------------

  No Partitions were found in this design.

---------------------------


=========================================================================
Timing Report

NOTE: THESE TIMING NUMBERS ARE ONLY A SYNTHESIS ESTIMATE.
      FOR ACCURATE TIMING INFORMATION PLEASE REFER TO THE TRACE REPORT
      GENERATED AFTER PLACE-and-ROUTE.

Clock Information:
------------------
-----------------------------------+------------------------+-------+
Clock Signal                       | Clock buffer(FF name)  | Load  |
-----------------------------------+------------------------+-------+
clk                                | BUFGP                  | 25    |
-----------------------------------+------------------------+-------+

Asynchronous Control Signals Information:
----------------------------------------
No asynchronous control signals found in this design

Timing Summary:
---------------
Speed Grade: -3

   Minimum period: 2.353ns (Maximum Frequency: 424.971MHz)
   Minimum input arrival time before clock: 0.735ns
   Maximum output required time after clock: 0.654ns
   Maximum combinational path delay: No path found

Timing Details:
---------------
All values displayed in nanoseconds (ns)

=========================================================================
Timing constraint: Default period analysis for Clock 'clk'
  Clock period: 2.353ns (frequency: 424.971MHz)
  Total number of paths / destination ports: 592 / 45
-------------------------------------------------------------------------
Delay:               2.353ns (Levels of Logic = 3)
  Source:            counter_12 (FF)
  Destination:       counter_0 (FF)
  Source Clock:      clk rising
  Destination Clock: clk rising

  Data Path: counter_12 to counter_0
                                Gate     Net
    Cell:in->out      fanout   Delay   Delay  Logical Name (Net Name)
    ----------------------------------------  ------------
     FDCE:C->Q             2   0.361   0.561  counter_12 (counter_12)
     LUT4:I0->O            2   0.097   0.383  _n0033_inv3 (_n0033_inv3)
     LUT5:I3->O            1   0.097   0.295  _n0033_inv4_SW0 (N5)
     LUT6:I5->O           20   0.097   0.367  _n0033_inv4 (_n0033_inv)
     FDCE:CE                   0.095          counter_0
    ----------------------------------------
    Total                      2.353ns (0.747ns logic, 1.606ns route)
                                       (31.7% logic, 68.3% route)

=========================================================================
Timing constraint: Default OFFSET IN BEFORE for Clock 'clk'
  Total number of paths / destination ports: 26 / 26
-------------------------------------------------------------------------
Offset:              0.735ns (Levels of Logic = 1)
  Source:            reset (PAD)
  Destination:       dff_0 (FF)
  Destination Clock: clk rising

  Data Path: reset to dff_0
                                Gate     Net
    Cell:in->out      fanout   Delay   Delay  Logical Name (Net Name)
    ----------------------------------------  ------------
     IBUF:I->O            25   0.001   0.385  reset_IBUF (reset_IBUF)
     FDC:CLR                   0.349          dff_0
    ----------------------------------------
    Total                      0.735ns (0.350ns logic, 0.385ns route)
                                       (47.6% logic, 52.4% route)

=========================================================================
Timing constraint: Default OFFSET OUT AFTER for Clock 'clk'
  Total number of paths / destination ports: 2 / 2
-------------------------------------------------------------------------
Offset:              0.654ns (Levels of Logic = 1)
  Source:            result (FF)
  Destination:       db (PAD)
  Source Clock:      clk rising

  Data Path: result to db
                                Gate     Net
    Cell:in->out      fanout   Delay   Delay  Logical Name (Net Name)
    ----------------------------------------  ------------
     FDE:C->Q              4   0.361   0.293  result (result)
     OBUF:I->O                 0.000          db_OBUF (db)
    ----------------------------------------
    Total                      0.654ns (0.361ns logic, 0.293ns route)
                                       (55.2% logic, 44.8% route)

=========================================================================

Cross Clock Domains Report:
--------------------------

Clock to Setup on destination clock clk
---------------+---------+---------+---------+---------+
               | Src:Rise| Src:Fall| Src:Rise| Src:Fall|
Source Clock   |Dest:Rise|Dest:Rise|Dest:Fall|Dest:Fall|
---------------+---------+---------+---------+---------+
clk            |    2.353|         |         |         |
---------------+---------+---------+---------+---------+

=========================================================================


Total REAL time to Xst completion: 7.00 secs
Total CPU time to Xst completion: 7.21 secs
 
--> 

Total memory usage is 4617816 kilobytes

Number of errors   :    0 (   0 filtered)
Number of warnings :    0 (   0 filtered)
Number of infos    :    0 (   0 filtered)

